10
4
2
10
10
10
10
10
5
10
10
9
10
2
7
2
9
10
6
10
8
7
10
10
10
10
5
10
10
8
9
3
6
10
Impossible
10
3
4
6
10
10
10
4
10
10
8
10
10
10
10
8
10
7
1
10
10
4
10
10
10
10
10
5
7
10
7
10
4
10
10
10
10
10
1
10
3
4
3
5
Impossible
10
10
10
2
10
10
4
9
6
10
2
7
6
1
4
5
8
10
10
6
10
10
10
10
10
10
10
8
4
7
10
1
10
10
10
Impossible
10
10
10
10
5
10
6
4
7
4
1
10
10
10
Impossible
10
9
9
10
4
7
3
10
8
10
10
10
10
10
1
1
10
10
2
6
10
10
5
10
10
4
10
4
6
10
10
10
4
4
10
10
10
9
10
10
6
1
Impossible
6
10
8
10
5
10
1
10
10
10
10
10
10
1
10
1
8
10
10
10
9
10
8
10
10
1
3
10
0
10
9
10
1
10
1
10
9
6
7
3
10
10
10
10
10
10
10
Impossible
1
10
8
2
2
Impossible
10
10
10
2
1
10
6
10
10
10
10
10
10
10
3
6
10
7
5
10
10
10
10
10
10
3
10
5
10
8
10
3
4
10
5
10
10
4
10
10
10
4
4
2
10
5
6
10
10
10
10
10
2
10
5
10
9
1
6
10
10
10
10
10
10
2
10
10
2
10
10
10
10
5
10
8
10
10
7
3
6
10
10
10
7
3
10
10
4
5
10
7
6
8
5
10
10
10
2
10
8
9
2
1
10
10
6
10
10
10
10
10
10
10
10
10
10
10
6
10
10
10
10
10
7
10
10
2
1
10
10
10
10
6
2
6
Impossible
4
2
1
10
2
10
9
10
10
2
10
7
10
10
3
5
10
2
10
1
9
10
10
1
2
10
7
10
10
10
10
7
10
2
10
7
10
10
10
10
10
1
10
6
10
10
1
5
10
10
10
8
7
1
5
2
10
5
10
10
10
4
10
1
10
10
10
10
8
10
2
10
2
4
5
5
10
6
10
10
10
10
10
10
10
2
7
10
10
10
10
2
10
7
1
10
2
4
3
3
10
10
10
10
10
10
6
10
10
10
10
10
10
10
10
10
10
10
10
2
6
Impossible
10
10
10
8
5
8
4
10
10
9
10
10
1
